<?xml version="1.0" encoding="UTF-8"?>
<coverage generated="1648491859223" clover="3.2.0">
  <project timestamp="1648491859224" name="All files">
    <metrics statements="172" coveredstatements="165" conditionals="38" coveredconditionals="32" methods="55" coveredmethods="52" elements="265" coveredelements="249" complexity="0" loc="172" ncloc="172" packages="25" files="37" classes="37"/>
    <package name="components">
      <metrics statements="0" coveredstatements="0" conditionals="0" coveredconditionals="0" methods="0" coveredmethods="0"/>
      <file name="index.ts" path="/home/brualarcao/Development/Jobylon/jobylon-jobs/src/components/index.ts">
        <metrics statements="0" coveredstatements="0" conditionals="0" coveredconditionals="0" methods="0" coveredmethods="0"/>
      </file>
    </package>
    <package name="components.Atoms">
      <metrics statements="0" coveredstatements="0" conditionals="0" coveredconditionals="0" methods="0" coveredmethods="0"/>
      <file name="index.ts" path="/home/brualarcao/Development/Jobylon/jobylon-jobs/src/components/Atoms/index.ts">
        <metrics statements="0" coveredstatements="0" conditionals="0" coveredconditionals="0" methods="0" coveredmethods="0"/>
      </file>
    </package>
    <package name="components.Atoms.Avatar">
      <metrics statements="10" coveredstatements="10" conditionals="3" coveredconditionals="3" methods="5" coveredmethods="5"/>
      <file name="index.tsx" path="/home/brualarcao/Development/Jobylon/jobylon-jobs/src/components/Atoms/Avatar/index.tsx">
        <metrics statements="2" coveredstatements="2" conditionals="1" coveredconditionals="1" methods="1" coveredmethods="1"/>
        <line num="7" count="7" type="cond" truecount="1" falsecount="0"/>
        <line num="8" count="5" type="stmt"/>
      </file>
      <file name="styles.ts" path="/home/brualarcao/Development/Jobylon/jobylon-jobs/src/components/Atoms/Avatar/styles.ts">
        <metrics statements="8" coveredstatements="8" conditionals="2" coveredconditionals="2" methods="4" coveredmethods="4"/>
        <line num="5" count="7" type="stmt"/>
        <line num="6" count="1" type="stmt"/>
        <line num="10" count="1" type="stmt"/>
        <line num="14" count="3" type="stmt"/>
        <line num="20" count="7" type="stmt"/>
        <line num="37" count="7" type="stmt"/>
        <line num="45" count="7" type="stmt"/>
        <line num="46" count="5" type="stmt"/>
      </file>
    </package>
    <package name="components.Atoms.Button">
      <metrics statements="6" coveredstatements="6" conditionals="0" coveredconditionals="0" methods="3" coveredmethods="3"/>
      <file name="index.tsx" path="/home/brualarcao/Development/Jobylon/jobylon-jobs/src/components/Atoms/Button/index.tsx">
        <metrics statements="3" coveredstatements="3" conditionals="0" coveredconditionals="0" methods="1" coveredmethods="1"/>
        <line num="5" count="8" type="stmt"/>
        <line num="6" count="16" type="stmt"/>
        <line num="7" count="16" type="stmt"/>
      </file>
      <file name="styles.ts" path="/home/brualarcao/Development/Jobylon/jobylon-jobs/src/components/Atoms/Button/styles.ts">
        <metrics statements="3" coveredstatements="3" conditionals="0" coveredconditionals="0" methods="2" coveredmethods="2"/>
        <line num="5" count="8" type="stmt"/>
        <line num="13" count="16" type="stmt"/>
        <line num="14" count="16" type="stmt"/>
      </file>
    </package>
    <package name="components.Atoms.Dropdown">
      <metrics statements="6" coveredstatements="6" conditionals="0" coveredconditionals="0" methods="3" coveredmethods="3"/>
      <file name="index.tsx" path="/home/brualarcao/Development/Jobylon/jobylon-jobs/src/components/Atoms/Dropdown/index.tsx">
        <metrics statements="4" coveredstatements="4" conditionals="0" coveredconditionals="0" methods="3" coveredmethods="3"/>
        <line num="6" count="8" type="stmt"/>
        <line num="7" count="15" type="stmt"/>
        <line num="10" count="3" type="stmt"/>
        <line num="19" count="28" type="stmt"/>
      </file>
      <file name="styles.ts" path="/home/brualarcao/Development/Jobylon/jobylon-jobs/src/components/Atoms/Dropdown/styles.ts">
        <metrics statements="2" coveredstatements="2" conditionals="0" coveredconditionals="0" methods="0" coveredmethods="0"/>
        <line num="4" count="8" type="stmt"/>
        <line num="12" count="8" type="stmt"/>
      </file>
    </package>
    <package name="components.Atoms.Text">
      <metrics statements="14" coveredstatements="12" conditionals="6" coveredconditionals="6" methods="11" coveredmethods="9"/>
      <file name="index.tsx" path="/home/brualarcao/Development/Jobylon/jobylon-jobs/src/components/Atoms/Text/index.tsx">
        <metrics statements="2" coveredstatements="2" conditionals="0" coveredconditionals="0" methods="1" coveredmethods="1"/>
        <line num="5" count="8" type="stmt"/>
        <line num="6" count="78" type="stmt"/>
      </file>
      <file name="styles.ts" path="/home/brualarcao/Development/Jobylon/jobylon-jobs/src/components/Atoms/Text/styles.ts">
        <metrics statements="12" coveredstatements="10" conditionals="6" coveredconditionals="6" methods="10" coveredmethods="8"/>
        <line num="5" count="8" type="stmt"/>
        <line num="7" count="42" type="stmt"/>
        <line num="10" count="23" type="stmt"/>
        <line num="13" count="13" type="stmt"/>
        <line num="18" count="0" type="stmt"/>
        <line num="21" count="0" type="stmt"/>
        <line num="24" count="23" type="stmt"/>
        <line num="29" count="30" type="stmt"/>
        <line num="32" count="36" type="stmt"/>
        <line num="35" count="1" type="stmt"/>
        <line num="41" count="8" type="stmt"/>
        <line num="42" count="78" type="stmt"/>
      </file>
    </package>
    <package name="components.Molecules">
      <metrics statements="0" coveredstatements="0" conditionals="0" coveredconditionals="0" methods="0" coveredmethods="0"/>
      <file name="index.ts" path="/home/brualarcao/Development/Jobylon/jobylon-jobs/src/components/Molecules/index.ts">
        <metrics statements="0" coveredstatements="0" conditionals="0" coveredconditionals="0" methods="0" coveredmethods="0"/>
      </file>
    </package>
    <package name="components.Molecules.Card">
      <metrics statements="11" coveredstatements="11" conditionals="2" coveredconditionals="1" methods="2" coveredmethods="2"/>
      <file name="index.tsx" path="/home/brualarcao/Development/Jobylon/jobylon-jobs/src/components/Molecules/Card/index.tsx">
        <metrics statements="5" coveredstatements="5" conditionals="0" coveredconditionals="0" methods="1" coveredmethods="1"/>
        <line num="10" count="4" type="stmt"/>
        <line num="11" count="6" type="stmt"/>
        <line num="12" count="6" type="stmt"/>
        <line num="13" count="6" type="stmt"/>
        <line num="14" count="6" type="stmt"/>
      </file>
      <file name="styles.ts" path="/home/brualarcao/Development/Jobylon/jobylon-jobs/src/components/Molecules/Card/styles.ts">
        <metrics statements="6" coveredstatements="6" conditionals="2" coveredconditionals="1" methods="1" coveredmethods="1"/>
        <line num="5" count="4" type="stmt"/>
        <line num="30" count="6" type="cond" truecount="1" falsecount="1"/>
        <line num="43" count="4" type="stmt"/>
        <line num="56" count="4" type="stmt"/>
        <line num="67" count="4" type="stmt"/>
        <line num="92" count="4" type="stmt"/>
      </file>
    </package>
    <package name="components.Molecules.Header">
      <metrics statements="13" coveredstatements="12" conditionals="2" coveredconditionals="1" methods="2" coveredmethods="2"/>
      <file name="index.tsx" path="/home/brualarcao/Development/Jobylon/jobylon-jobs/src/components/Molecules/Header/index.tsx">
        <metrics statements="10" coveredstatements="9" conditionals="2" coveredconditionals="1" methods="2" coveredmethods="2"/>
        <line num="12" count="3" type="stmt"/>
        <line num="13" count="2" type="stmt"/>
        <line num="14" count="2" type="stmt"/>
        <line num="15" count="2" type="stmt"/>
        <line num="17" count="2" type="stmt"/>
        <line num="18" count="2" type="cond" truecount="1" falsecount="1"/>
        <line num="19" count="0" type="stmt"/>
        <line num="21" count="2" type="stmt"/>
        <line num="25" count="2" type="stmt"/>
        <line num="52" count="2" type="stmt"/>
      </file>
      <file name="styles.ts" path="/home/brualarcao/Development/Jobylon/jobylon-jobs/src/components/Molecules/Header/styles.ts">
        <metrics statements="3" coveredstatements="3" conditionals="0" coveredconditionals="0" methods="0" coveredmethods="0"/>
        <line num="4" count="3" type="stmt"/>
        <line num="36" count="3" type="stmt"/>
        <line num="42" count="3" type="stmt"/>
      </file>
    </package>
    <package name="components.Molecules.InputSearch">
      <metrics statements="9" coveredstatements="9" conditionals="4" coveredconditionals="3" methods="2" coveredmethods="2"/>
      <file name="index.tsx" path="/home/brualarcao/Development/Jobylon/jobylon-jobs/src/components/Molecules/InputSearch/index.tsx">
        <metrics statements="7" coveredstatements="7" conditionals="4" coveredconditionals="3" methods="2" coveredmethods="2"/>
        <line num="7" count="4" type="stmt"/>
        <line num="8" count="13" type="stmt"/>
        <line num="10" count="13" type="stmt"/>
        <line num="11" count="3" type="cond" truecount="1" falsecount="1"/>
        <line num="12" count="3" type="cond" truecount="2" falsecount="0"/>
        <line num="13" count="3" type="stmt"/>
        <line num="17" count="13" type="stmt"/>
      </file>
      <file name="styles.ts" path="/home/brualarcao/Development/Jobylon/jobylon-jobs/src/components/Molecules/InputSearch/styles.ts">
        <metrics statements="2" coveredstatements="2" conditionals="0" coveredconditionals="0" methods="0" coveredmethods="0"/>
        <line num="4" count="4" type="stmt"/>
        <line num="20" count="4" type="stmt"/>
      </file>
    </package>
    <package name="components.Molecules.Menu">
      <metrics statements="12" coveredstatements="11" conditionals="4" coveredconditionals="4" methods="5" coveredmethods="4"/>
      <file name="index.tsx" path="/home/brualarcao/Development/Jobylon/jobylon-jobs/src/components/Molecules/Menu/index.tsx">
        <metrics statements="7" coveredstatements="7" conditionals="2" coveredconditionals="2" methods="3" coveredmethods="3"/>
        <line num="7" count="4" type="stmt"/>
        <line num="8" count="5" type="stmt"/>
        <line num="9" count="5" type="stmt"/>
        <line num="10" count="5" type="stmt"/>
        <line num="12" count="5" type="stmt"/>
        <line num="15" count="20" type="stmt"/>
        <line num="17" count="1" type="stmt"/>
      </file>
      <file name="styles.ts" path="/home/brualarcao/Development/Jobylon/jobylon-jobs/src/components/Molecules/Menu/styles.ts">
        <metrics statements="5" coveredstatements="4" conditionals="2" coveredconditionals="2" methods="2" coveredmethods="1"/>
        <line num="5" count="4" type="stmt"/>
        <line num="6" count="0" type="stmt"/>
        <line num="19" count="4" type="stmt"/>
        <line num="24" count="4" type="stmt"/>
        <line num="30" count="20" type="cond" truecount="2" falsecount="0"/>
      </file>
    </package>
    <package name="components.Organisms">
      <metrics statements="0" coveredstatements="0" conditionals="0" coveredconditionals="0" methods="0" coveredmethods="0"/>
      <file name="index.tsx" path="/home/brualarcao/Development/Jobylon/jobylon-jobs/src/components/Organisms/index.tsx">
        <metrics statements="0" coveredstatements="0" conditionals="0" coveredconditionals="0" methods="0" coveredmethods="0"/>
      </file>
    </package>
    <package name="components.Organisms.JobInfo">
      <metrics statements="14" coveredstatements="14" conditionals="2" coveredconditionals="1" methods="4" coveredmethods="4"/>
      <file name="index.tsx" path="/home/brualarcao/Development/Jobylon/jobylon-jobs/src/components/Organisms/JobInfo/index.tsx">
        <metrics statements="4" coveredstatements="4" conditionals="0" coveredconditionals="0" methods="3" coveredmethods="3"/>
        <line num="7" count="4" type="stmt"/>
        <line num="8" count="2" type="stmt"/>
        <line num="57" count="1" type="stmt"/>
        <line num="60" count="1" type="stmt"/>
      </file>
      <file name="styles.ts" path="/home/brualarcao/Development/Jobylon/jobylon-jobs/src/components/Organisms/JobInfo/styles.ts">
        <metrics statements="10" coveredstatements="10" conditionals="2" coveredconditionals="1" methods="1" coveredmethods="1"/>
        <line num="5" count="4" type="stmt"/>
        <line num="23" count="2" type="cond" truecount="1" falsecount="1"/>
        <line num="40" count="4" type="stmt"/>
        <line num="56" count="4" type="stmt"/>
        <line num="95" count="4" type="stmt"/>
        <line num="108" count="4" type="stmt"/>
        <line num="123" count="4" type="stmt"/>
        <line num="146" count="4" type="stmt"/>
        <line num="156" count="4" type="stmt"/>
        <line num="170" count="4" type="stmt"/>
      </file>
    </package>
    <package name="components.Organisms.JobSelection">
      <metrics statements="34" coveredstatements="32" conditionals="13" coveredconditionals="12" methods="10" coveredmethods="10"/>
      <file name="index.tsx" path="/home/brualarcao/Development/Jobylon/jobylon-jobs/src/components/Organisms/JobSelection/index.tsx">
        <metrics statements="31" coveredstatements="29" conditionals="13" coveredconditionals="12" methods="10" coveredmethods="10"/>
        <line num="10" count="3" type="stmt"/>
        <line num="11" count="11" type="stmt"/>
        <line num="12" count="11" type="stmt"/>
        <line num="13" count="11" type="stmt"/>
        <line num="15" count="11" type="stmt"/>
        <line num="17" count="1" type="cond" truecount="1" falsecount="1"/>
        <line num="18" count="0" type="stmt"/>
        <line num="19" count="0" type="stmt"/>
        <line num="21" count="1" type="stmt"/>
        <line num="27" count="11" type="stmt"/>
        <line num="29" count="2" type="stmt"/>
        <line num="30" count="2" type="stmt"/>
        <line num="31" count="2" type="stmt"/>
        <line num="35" count="1" type="stmt"/>
        <line num="41" count="2" type="stmt"/>
        <line num="46" count="11" type="stmt"/>
        <line num="47" count="1" type="stmt"/>
        <line num="48" count="1" type="stmt"/>
        <line num="51" count="11" type="stmt"/>
        <line num="53" count="2" type="cond" truecount="2" falsecount="0"/>
        <line num="54" count="1" type="stmt"/>
        <line num="55" count="1" type="stmt"/>
        <line num="57" count="2" type="cond" truecount="2" falsecount="0"/>
        <line num="58" count="1" type="stmt"/>
        <line num="59" count="1" type="stmt"/>
        <line num="65" count="11" type="stmt"/>
        <line num="66" count="3" type="stmt"/>
        <line num="69" count="11" type="stmt"/>
        <line num="83" count="5" type="stmt"/>
        <line num="84" count="5" type="stmt"/>
        <line num="92" count="1" type="stmt"/>
      </file>
      <file name="styles.ts" path="/home/brualarcao/Development/Jobylon/jobylon-jobs/src/components/Organisms/JobSelection/styles.ts">
        <metrics statements="3" coveredstatements="3" conditionals="0" coveredconditionals="0" methods="0" coveredmethods="0"/>
        <line num="4" count="3" type="stmt"/>
        <line num="16" count="3" type="stmt"/>
        <line num="38" count="3" type="stmt"/>
      </file>
    </package>
    <package name="config">
      <metrics statements="1" coveredstatements="1" conditionals="0" coveredconditionals="0" methods="0" coveredmethods="0"/>
      <file name="config.ts" path="/home/brualarcao/Development/Jobylon/jobylon-jobs/src/config/config.ts">
        <metrics statements="1" coveredstatements="1" conditionals="0" coveredconditionals="0" methods="0" coveredmethods="0"/>
        <line num="1" count="5" type="stmt"/>
      </file>
    </package>
    <package name="contexts">
      <metrics statements="0" coveredstatements="0" conditionals="0" coveredconditionals="0" methods="0" coveredmethods="0"/>
      <file name="index.tsx" path="/home/brualarcao/Development/Jobylon/jobylon-jobs/src/contexts/index.tsx">
        <metrics statements="0" coveredstatements="0" conditionals="0" coveredconditionals="0" methods="0" coveredmethods="0"/>
      </file>
    </package>
    <package name="contexts.JobsContext">
      <metrics statements="20" coveredstatements="20" conditionals="0" coveredconditionals="0" methods="3" coveredmethods="3"/>
      <file name="index.tsx" path="/home/brualarcao/Development/Jobylon/jobylon-jobs/src/contexts/JobsContext/index.tsx">
        <metrics statements="20" coveredstatements="20" conditionals="0" coveredconditionals="0" methods="3" coveredmethods="3"/>
        <line num="6" count="5" type="stmt"/>
        <line num="8" count="5" type="stmt"/>
        <line num="9" count="10" type="stmt"/>
        <line num="10" count="10" type="stmt"/>
        <line num="11" count="10" type="stmt"/>
        <line num="12" count="10" type="stmt"/>
        <line num="14" count="10" type="stmt"/>
        <line num="15" count="4" type="stmt"/>
        <line num="16" count="4" type="stmt"/>
        <line num="17" count="4" type="stmt"/>
        <line num="18" count="2" type="stmt"/>
        <line num="19" count="2" type="stmt"/>
        <line num="20" count="2" type="stmt"/>
        <line num="21" count="2" type="stmt"/>
        <line num="22" count="2" type="stmt"/>
        <line num="24" count="2" type="stmt"/>
        <line num="25" count="2" type="stmt"/>
        <line num="29" count="10" type="stmt"/>
        <line num="30" count="2" type="stmt"/>
        <line num="33" count="10" type="stmt"/>
      </file>
    </package>
    <package name="enums">
      <metrics statements="0" coveredstatements="0" conditionals="0" coveredconditionals="0" methods="0" coveredmethods="0"/>
      <file name="menuOptions.ts" path="/home/brualarcao/Development/Jobylon/jobylon-jobs/src/enums/menuOptions.ts">
        <metrics statements="0" coveredstatements="0" conditionals="0" coveredconditionals="0" methods="0" coveredmethods="0"/>
      </file>
    </package>
    <package name="hooks">
      <metrics statements="4" coveredstatements="3" conditionals="2" coveredconditionals="1" methods="1" coveredmethods="1"/>
      <file name="usejobs.ts" path="/home/brualarcao/Development/Jobylon/jobylon-jobs/src/hooks/usejobs.ts">
        <metrics statements="4" coveredstatements="3" conditionals="2" coveredconditionals="1" methods="1" coveredmethods="1"/>
        <line num="5" count="13" type="stmt"/>
        <line num="7" count="13" type="cond" truecount="1" falsecount="1"/>
        <line num="8" count="0" type="stmt"/>
        <line num="11" count="13" type="stmt"/>
      </file>
    </package>
    <package name="models">
      <metrics statements="1" coveredstatements="1" conditionals="0" coveredconditionals="0" methods="0" coveredmethods="0"/>
      <file name="orderByOptions.ts" path="/home/brualarcao/Development/Jobylon/jobylon-jobs/src/models/orderByOptions.ts">
        <metrics statements="1" coveredstatements="1" conditionals="0" coveredconditionals="0" methods="0" coveredmethods="0"/>
        <line num="1" count="3" type="stmt"/>
      </file>
    </package>
    <package name="pages.PageNotFound">
      <metrics statements="4" coveredstatements="4" conditionals="0" coveredconditionals="0" methods="1" coveredmethods="1"/>
      <file name="index.tsx" path="/home/brualarcao/Development/Jobylon/jobylon-jobs/src/pages/PageNotFound/index.tsx">
        <metrics statements="2" coveredstatements="2" conditionals="0" coveredconditionals="0" methods="1" coveredmethods="1"/>
        <line num="6" count="1" type="stmt"/>
        <line num="7" count="1" type="stmt"/>
      </file>
      <file name="styles.ts" path="/home/brualarcao/Development/Jobylon/jobylon-jobs/src/pages/PageNotFound/styles.ts">
        <metrics statements="2" coveredstatements="2" conditionals="0" coveredconditionals="0" methods="0" coveredmethods="0"/>
        <line num="4" count="1" type="stmt"/>
        <line num="15" count="1" type="stmt"/>
      </file>
    </package>
    <package name="services">
      <metrics statements="1" coveredstatements="1" conditionals="0" coveredconditionals="0" methods="0" coveredmethods="0"/>
      <file name="api.ts" path="/home/brualarcao/Development/Jobylon/jobylon-jobs/src/services/api.ts">
        <metrics statements="1" coveredstatements="1" conditionals="0" coveredconditionals="0" methods="0" coveredmethods="0"/>
        <line num="4" count="5" type="stmt"/>
      </file>
    </package>
    <package name="styles">
      <metrics statements="3" coveredstatements="3" conditionals="0" coveredconditionals="0" methods="0" coveredmethods="0"/>
      <file name="theme.ts" path="/home/brualarcao/Development/Jobylon/jobylon-jobs/src/styles/theme.ts">
        <metrics statements="3" coveredstatements="3" conditionals="0" coveredconditionals="0" methods="0" coveredmethods="0"/>
        <line num="1" count="11" type="stmt"/>
        <line num="11" count="11" type="stmt"/>
        <line num="24" count="11" type="stmt"/>
      </file>
    </package>
    <package name="templates">
      <metrics statements="3" coveredstatements="3" conditionals="0" coveredconditionals="0" methods="1" coveredmethods="1"/>
      <file name="DefaultTemplate.tsx" path="/home/brualarcao/Development/Jobylon/jobylon-jobs/src/templates/DefaultTemplate.tsx">
        <metrics statements="2" coveredstatements="2" conditionals="0" coveredconditionals="0" methods="1" coveredmethods="1"/>
        <line num="5" count="1" type="stmt"/>
        <line num="6" count="1" type="stmt"/>
      </file>
      <file name="styles.ts" path="/home/brualarcao/Development/Jobylon/jobylon-jobs/src/templates/styles.ts">
        <metrics statements="1" coveredstatements="1" conditionals="0" coveredconditionals="0" methods="0" coveredmethods="0"/>
        <line num="3" count="1" type="stmt"/>
      </file>
    </package>
    <package name="utils">
      <metrics statements="6" coveredstatements="6" conditionals="0" coveredconditionals="0" methods="2" coveredmethods="2"/>
      <file name="sortBy.ts" path="/home/brualarcao/Development/Jobylon/jobylon-jobs/src/utils/sortBy.ts">
        <metrics statements="6" coveredstatements="6" conditionals="0" coveredconditionals="0" methods="2" coveredmethods="2"/>
        <line num="3" count="4" type="stmt"/>
        <line num="4" count="3" type="stmt"/>
        <line num="5" count="1" type="stmt"/>
        <line num="7" count="1" type="stmt"/>
        <line num="8" count="1" type="stmt"/>
        <line num="10" count="1" type="stmt"/>
      </file>
    </package>
  </project>
</coverage>
