{"/home/brualarcao/Development/Jobylon/jobylon-jobs/src/components/index.ts": {"path":"/home/brualarcao/Development/Jobylon/jobylon-jobs/src/components/index.ts","statementMap":{},"fnMap":{},"branchMap":{},"s":{},"f":{},"b":{},"_coverageSchema":"1a1c01bbd47fc00a2c39e90264f33305004495a9","hash":"3a7da1e55dca7aceb15e14914329a47e4e23b218"}
,"/home/brualarcao/Development/Jobylon/jobylon-jobs/src/components/Atoms/index.ts": {"path":"/home/brualarcao/Development/Jobylon/jobylon-jobs/src/components/Atoms/index.ts","statementMap":{},"fnMap":{},"branchMap":{},"s":{},"f":{},"b":{},"_coverageSchema":"1a1c01bbd47fc00a2c39e90264f33305004495a9","hash":"6e4124dd412ea2d57661fa1e762f9414a1295a30"}
,"/home/brualarcao/Development/Jobylon/jobylon-jobs/src/components/Atoms/Avatar/index.tsx": {"path":"/home/brualarcao/Development/Jobylon/jobylon-jobs/src/components/Atoms/Avatar/index.tsx","statementMap":{"0":{"start":{"line":7,"column":38},"end":{"line":26,"column":1}},"1":{"start":{"line":8,"column":4},"end":{"line":25,"column":5}}},"fnMap":{"0":{"name":"(anonymous_0)","decl":{"start":{"line":7,"column":38},"end":{"line":7,"column":39}},"loc":{"start":{"line":7,"column":70},"end":{"line":26,"column":1}},"line":7}},"branchMap":{"0":{"loc":{"start":{"line":7,"column":51},"end":{"line":7,"column":63}},"type":"default-arg","locations":[{"start":{"line":7,"column":56},"end":{"line":7,"column":63}}],"line":7}},"s":{"0":7,"1":5},"f":{"0":5},"b":{"0":[2]},"_coverageSchema":"1a1c01bbd47fc00a2c39e90264f33305004495a9","hash":"e3204beb10742acec93248f901366064257fa03b"}
,"/home/brualarcao/Development/Jobylon/jobylon-jobs/src/components/Atoms/Avatar/styles.ts": {"path":"/home/brualarcao/Development/Jobylon/jobylon-jobs/src/components/Atoms/Avatar/styles.ts","statementMap":{"0":{"start":{"line":5,"column":14},"end":{"line":18,"column":1}},"1":{"start":{"line":6,"column":17},"end":{"line":9,"column":5}},"2":{"start":{"line":10,"column":18},"end":{"line":13,"column":5}},"3":{"start":{"line":14,"column":17},"end":{"line":17,"column":5}},"4":{"start":{"line":20,"column":31},"end":{"line":35,"column":1}},"5":{"start":{"line":37,"column":26},"end":{"line":43,"column":1}},"6":{"start":{"line":45,"column":25},"end":{"line":55,"column":1}},"7":{"start":{"line":46,"column":20},"end":{"line":48,"column":5}}},"fnMap":{"0":{"name":"(anonymous_0)","decl":{"start":{"line":6,"column":11},"end":{"line":6,"column":12}},"loc":{"start":{"line":6,"column":17},"end":{"line":9,"column":5}},"line":6},"1":{"name":"(anonymous_1)","decl":{"start":{"line":10,"column":12},"end":{"line":10,"column":13}},"loc":{"start":{"line":10,"column":18},"end":{"line":13,"column":5}},"line":10},"2":{"name":"(anonymous_2)","decl":{"start":{"line":14,"column":11},"end":{"line":14,"column":12}},"loc":{"start":{"line":14,"column":17},"end":{"line":17,"column":5}},"line":14},"3":{"name":"(anonymous_3)","decl":{"start":{"line":46,"column":6},"end":{"line":46,"column":7}},"loc":{"start":{"line":46,"column":20},"end":{"line":48,"column":5}},"line":46}},"branchMap":{"0":{"loc":{"start":{"line":47,"column":10},"end":{"line":47,"column":33}},"type":"binary-expr","locations":[{"start":{"line":47,"column":10},"end":{"line":47,"column":16}},{"start":{"line":47,"column":20},"end":{"line":47,"column":33}}],"line":47}},"s":{"0":7,"1":1,"2":1,"3":3,"4":7,"5":7,"6":7,"7":5},"f":{"0":1,"1":1,"2":3,"3":5},"b":{"0":[5,5]},"_coverageSchema":"1a1c01bbd47fc00a2c39e90264f33305004495a9","hash":"a7f08160956407810fa513431737d7d74ed5aabf"}
,"/home/brualarcao/Development/Jobylon/jobylon-jobs/src/components/Atoms/Button/index.tsx": {"path":"/home/brualarcao/Development/Jobylon/jobylon-jobs/src/components/Atoms/Button/index.tsx","statementMap":{"0":{"start":{"line":5,"column":130},"end":{"line":12,"column":1}},"1":{"start":{"line":6,"column":34},"end":{"line":6,"column":39}},"2":{"start":{"line":7,"column":4},"end":{"line":11,"column":5}}},"fnMap":{"0":{"name":"(anonymous_0)","decl":{"start":{"line":5,"column":130},"end":{"line":5,"column":131}},"loc":{"start":{"line":5,"column":173},"end":{"line":12,"column":1}},"line":5}},"branchMap":{},"s":{"0":8,"1":16,"2":16},"f":{"0":16},"b":{},"_coverageSchema":"1a1c01bbd47fc00a2c39e90264f33305004495a9","hash":"31cf03eb4f413da1c3eb668f1dbf375f11d0f2d7"}
,"/home/brualarcao/Development/Jobylon/jobylon-jobs/src/components/Atoms/Button/styles.ts": {"path":"/home/brualarcao/Development/Jobylon/jobylon-jobs/src/components/Atoms/Button/styles.ts","statementMap":{"0":{"start":{"line":5,"column":31},"end":{"line":35,"column":1}},"1":{"start":{"line":13,"column":22},"end":{"line":13,"column":33}},"2":{"start":{"line":14,"column":23},"end":{"line":14,"column":35}}},"fnMap":{"0":{"name":"(anonymous_0)","decl":{"start":{"line":13,"column":13},"end":{"line":13,"column":14}},"loc":{"start":{"line":13,"column":22},"end":{"line":13,"column":33}},"line":13},"1":{"name":"(anonymous_1)","decl":{"start":{"line":14,"column":14},"end":{"line":14,"column":15}},"loc":{"start":{"line":14,"column":23},"end":{"line":14,"column":35}},"line":14}},"branchMap":{},"s":{"0":8,"1":16,"2":16},"f":{"0":16,"1":16},"b":{},"_coverageSchema":"1a1c01bbd47fc00a2c39e90264f33305004495a9","hash":"cb7e3ab1040f7d5bce8abd91517ae7ee69ca3cf5"}
,"/home/brualarcao/Development/Jobylon/jobylon-jobs/src/components/Atoms/Dropdown/index.tsx": {"path":"/home/brualarcao/Development/Jobylon/jobylon-jobs/src/components/Atoms/Dropdown/index.tsx","statementMap":{"0":{"start":{"line":6,"column":36},"end":{"line":28,"column":1}},"1":{"start":{"line":7,"column":4},"end":{"line":27,"column":5}},"2":{"start":{"line":10,"column":30},"end":{"line":10,"column":61}},"3":{"start":{"line":19,"column":20},"end":{"line":23,"column":21}}},"fnMap":{"0":{"name":"(anonymous_0)","decl":{"start":{"line":6,"column":36},"end":{"line":6,"column":37}},"loc":{"start":{"line":6,"column":73},"end":{"line":28,"column":1}},"line":6},"1":{"name":"(anonymous_1)","decl":{"start":{"line":10,"column":23},"end":{"line":10,"column":24}},"loc":{"start":{"line":10,"column":30},"end":{"line":10,"column":61}},"line":10},"2":{"name":"(anonymous_2)","decl":{"start":{"line":18,"column":29},"end":{"line":18,"column":30}},"loc":{"start":{"line":18,"column":51},"end":{"line":24,"column":17}},"line":18}},"branchMap":{},"s":{"0":8,"1":15,"2":3,"3":28},"f":{"0":15,"1":3,"2":28},"b":{},"_coverageSchema":"1a1c01bbd47fc00a2c39e90264f33305004495a9","hash":"b8f5eb67f3c5fc673db75ed419168684b2b8155c"}
,"/home/brualarcao/Development/Jobylon/jobylon-jobs/src/components/Atoms/Dropdown/styles.ts": {"path":"/home/brualarcao/Development/Jobylon/jobylon-jobs/src/components/Atoms/Dropdown/styles.ts","statementMap":{"0":{"start":{"line":4,"column":33},"end":{"line":10,"column":1}},"1":{"start":{"line":12,"column":34},"end":{"line":21,"column":1}}},"fnMap":{},"branchMap":{},"s":{"0":8,"1":8},"f":{},"b":{},"_coverageSchema":"1a1c01bbd47fc00a2c39e90264f33305004495a9","hash":"64132eb63967cf58d083147e06b468ca84eb6a5c"}
,"/home/brualarcao/Development/Jobylon/jobylon-jobs/src/components/Atoms/Text/index.tsx": {"path":"/home/brualarcao/Development/Jobylon/jobylon-jobs/src/components/Atoms/Text/index.tsx","statementMap":{"0":{"start":{"line":5,"column":34},"end":{"line":17,"column":1}},"1":{"start":{"line":6,"column":4},"end":{"line":16,"column":5}}},"fnMap":{"0":{"name":"(anonymous_0)","decl":{"start":{"line":5,"column":34},"end":{"line":5,"column":35}},"loc":{"start":{"line":5,"column":93},"end":{"line":17,"column":1}},"line":5}},"branchMap":{},"s":{"0":8,"1":78},"f":{"0":78},"b":{},"_coverageSchema":"1a1c01bbd47fc00a2c39e90264f33305004495a9","hash":"b93015f9022ad5a1d8590f701cbfcfb3e720b9fe"}
,"/home/brualarcao/Development/Jobylon/jobylon-jobs/src/components/Atoms/Text/styles.ts": {"path":"/home/brualarcao/Development/Jobylon/jobylon-jobs/src/components/Atoms/Text/styles.ts","statementMap":{"0":{"start":{"line":5,"column":20},"end":{"line":39,"column":1}},"1":{"start":{"line":7,"column":21},"end":{"line":9,"column":9}},"2":{"start":{"line":10,"column":22},"end":{"line":12,"column":9}},"3":{"start":{"line":13,"column":21},"end":{"line":15,"column":9}},"4":{"start":{"line":18,"column":21},"end":{"line":20,"column":9}},"5":{"start":{"line":21,"column":22},"end":{"line":23,"column":9}},"6":{"start":{"line":24,"column":20},"end":{"line":26,"column":9}},"7":{"start":{"line":29,"column":21},"end":{"line":31,"column":9}},"8":{"start":{"line":32,"column":23},"end":{"line":34,"column":9}},"9":{"start":{"line":35,"column":22},"end":{"line":37,"column":9}},"10":{"start":{"line":41,"column":29},"end":{"line":69,"column":1}},"11":{"start":{"line":42,"column":35},"end":{"line":46,"column":5}}},"fnMap":{"0":{"name":"(anonymous_0)","decl":{"start":{"line":7,"column":15},"end":{"line":7,"column":16}},"loc":{"start":{"line":7,"column":21},"end":{"line":9,"column":9}},"line":7},"1":{"name":"(anonymous_1)","decl":{"start":{"line":10,"column":16},"end":{"line":10,"column":17}},"loc":{"start":{"line":10,"column":22},"end":{"line":12,"column":9}},"line":10},"2":{"name":"(anonymous_2)","decl":{"start":{"line":13,"column":15},"end":{"line":13,"column":16}},"loc":{"start":{"line":13,"column":21},"end":{"line":15,"column":9}},"line":13},"3":{"name":"(anonymous_3)","decl":{"start":{"line":18,"column":15},"end":{"line":18,"column":16}},"loc":{"start":{"line":18,"column":21},"end":{"line":20,"column":9}},"line":18},"4":{"name":"(anonymous_4)","decl":{"start":{"line":21,"column":16},"end":{"line":21,"column":17}},"loc":{"start":{"line":21,"column":22},"end":{"line":23,"column":9}},"line":21},"5":{"name":"(anonymous_5)","decl":{"start":{"line":24,"column":14},"end":{"line":24,"column":15}},"loc":{"start":{"line":24,"column":20},"end":{"line":26,"column":9}},"line":24},"6":{"name":"(anonymous_6)","decl":{"start":{"line":29,"column":15},"end":{"line":29,"column":16}},"loc":{"start":{"line":29,"column":21},"end":{"line":31,"column":9}},"line":29},"7":{"name":"(anonymous_7)","decl":{"start":{"line":32,"column":17},"end":{"line":32,"column":18}},"loc":{"start":{"line":32,"column":23},"end":{"line":34,"column":9}},"line":32},"8":{"name":"(anonymous_8)","decl":{"start":{"line":35,"column":16},"end":{"line":35,"column":17}},"loc":{"start":{"line":35,"column":22},"end":{"line":37,"column":9}},"line":35},"9":{"name":"(anonymous_9)","decl":{"start":{"line":42,"column":6},"end":{"line":42,"column":7}},"loc":{"start":{"line":42,"column":35},"end":{"line":46,"column":5}},"line":42}},"branchMap":{"0":{"loc":{"start":{"line":43,"column":10},"end":{"line":43,"column":45}},"type":"binary-expr","locations":[{"start":{"line":43,"column":10},"end":{"line":43,"column":16}},{"start":{"line":43,"column":20},"end":{"line":43,"column":45}}],"line":43},"1":{"loc":{"start":{"line":44,"column":10},"end":{"line":44,"column":50}},"type":"binary-expr","locations":[{"start":{"line":44,"column":10},"end":{"line":44,"column":18}},{"start":{"line":44,"column":22},"end":{"line":44,"column":50}}],"line":44},"2":{"loc":{"start":{"line":45,"column":10},"end":{"line":45,"column":48}},"type":"binary-expr","locations":[{"start":{"line":45,"column":10},"end":{"line":45,"column":17}},{"start":{"line":45,"column":21},"end":{"line":45,"column":48}}],"line":45}},"s":{"0":8,"1":42,"2":23,"3":13,"4":0,"5":0,"6":23,"7":30,"8":36,"9":1,"10":8,"11":78},"f":{"0":42,"1":23,"2":13,"3":0,"4":0,"5":23,"6":30,"7":36,"8":1,"9":78},"b":{"0":[78,78],"1":[78,23],"2":[78,67]},"_coverageSchema":"1a1c01bbd47fc00a2c39e90264f33305004495a9","hash":"a557bfd3a36fcf0a04403d98c35108cd5c0ae96b"}
,"/home/brualarcao/Development/Jobylon/jobylon-jobs/src/components/Molecules/index.ts": {"path":"/home/brualarcao/Development/Jobylon/jobylon-jobs/src/components/Molecules/index.ts","statementMap":{},"fnMap":{},"branchMap":{},"s":{},"f":{},"b":{},"_coverageSchema":"1a1c01bbd47fc00a2c39e90264f33305004495a9","hash":"9f3f4c4fefe89a64a6fea0412086482d73661212"}
,"/home/brualarcao/Development/Jobylon/jobylon-jobs/src/components/Molecules/Card/index.tsx": {"path":"/home/brualarcao/Development/Jobylon/jobylon-jobs/src/components/Molecules/Card/index.tsx","statementMap":{"0":{"start":{"line":10,"column":33},"end":{"line":51,"column":1}},"1":{"start":{"line":11,"column":28},"end":{"line":11,"column":37}},"2":{"start":{"line":12,"column":37},"end":{"line":12,"column":44}},"3":{"start":{"line":13,"column":25},"end":{"line":13,"column":34}},"4":{"start":{"line":14,"column":4},"end":{"line":50,"column":5}}},"fnMap":{"0":{"name":"(anonymous_0)","decl":{"start":{"line":10,"column":33},"end":{"line":10,"column":34}},"loc":{"start":{"line":10,"column":131},"end":{"line":51,"column":1}},"line":10}},"branchMap":{},"s":{"0":4,"1":6,"2":6,"3":6,"4":6},"f":{"0":6},"b":{},"_coverageSchema":"1a1c01bbd47fc00a2c39e90264f33305004495a9","hash":"7df223c25be0044d726d915639e24acee98844d2"}
,"/home/brualarcao/Development/Jobylon/jobylon-jobs/src/components/Molecules/Card/styles.ts": {"path":"/home/brualarcao/Development/Jobylon/jobylon-jobs/src/components/Molecules/Card/styles.ts","statementMap":{"0":{"start":{"line":5,"column":29},"end":{"line":41,"column":1}},"1":{"start":{"line":30,"column":4},"end":{"line":33,"column":5}},"2":{"start":{"line":43,"column":24},"end":{"line":54,"column":1}},"3":{"start":{"line":56,"column":27},"end":{"line":65,"column":1}},"4":{"start":{"line":67,"column":19},"end":{"line":90,"column":1}},"5":{"start":{"line":92,"column":23},"end":{"line":104,"column":1}}},"fnMap":{"0":{"name":"(anonymous_0)","decl":{"start":{"line":29,"column":4},"end":{"line":29,"column":5}},"loc":{"start":{"line":30,"column":4},"end":{"line":33,"column":5}},"line":30}},"branchMap":{"0":{"loc":{"start":{"line":30,"column":4},"end":{"line":33,"column":5}},"type":"binary-expr","locations":[{"start":{"line":30,"column":4},"end":{"line":30,"column":12}},{"start":{"line":31,"column":4},"end":{"line":33,"column":5}}],"line":30}},"s":{"0":4,"1":6,"2":4,"3":4,"4":4,"5":4},"f":{"0":6},"b":{"0":[6,0]},"_coverageSchema":"1a1c01bbd47fc00a2c39e90264f33305004495a9","hash":"790244b1cff2675b192d7b7193afeacc2fc4caed"}
,"/home/brualarcao/Development/Jobylon/jobylon-jobs/src/components/Molecules/Header/index.tsx": {"path":"/home/brualarcao/Development/Jobylon/jobylon-jobs/src/components/Molecules/Header/index.tsx","statementMap":{"0":{"start":{"line":12,"column":25},"end":{"line":64,"column":1}},"1":{"start":{"line":13,"column":46},"end":{"line":13,"column":70}},"2":{"start":{"line":14,"column":38},"end":{"line":14,"column":61}},"3":{"start":{"line":15,"column":22},"end":{"line":15,"column":39}},"4":{"start":{"line":17,"column":2},"end":{"line":23,"column":20}},"5":{"start":{"line":18,"column":4},"end":{"line":22,"column":5}},"6":{"start":{"line":19,"column":6},"end":{"line":19,"column":30}},"7":{"start":{"line":21,"column":6},"end":{"line":21,"column":31}},"8":{"start":{"line":25,"column":20},"end":{"line":50,"column":7}},"9":{"start":{"line":52,"column":4},"end":{"line":63,"column":5}}},"fnMap":{"0":{"name":"(anonymous_0)","decl":{"start":{"line":12,"column":25},"end":{"line":12,"column":26}},"loc":{"start":{"line":12,"column":31},"end":{"line":64,"column":1}},"line":12},"1":{"name":"(anonymous_1)","decl":{"start":{"line":17,"column":12},"end":{"line":17,"column":13}},"loc":{"start":{"line":17,"column":18},"end":{"line":23,"column":3}},"line":17}},"branchMap":{"0":{"loc":{"start":{"line":18,"column":4},"end":{"line":22,"column":5}},"type":"if","locations":[{"start":{"line":18,"column":4},"end":{"line":22,"column":5}},{"start":{"line":20,"column":11},"end":{"line":22,"column":5}}],"line":18}},"s":{"0":3,"1":2,"2":2,"3":2,"4":2,"5":2,"6":0,"7":2,"8":2,"9":2},"f":{"0":2,"1":2},"b":{"0":[0,2]},"_coverageSchema":"1a1c01bbd47fc00a2c39e90264f33305004495a9","hash":"350328a61274d067f43b9f51fa04f515c3768897"}
,"/home/brualarcao/Development/Jobylon/jobylon-jobs/src/components/Molecules/Header/styles.ts": {"path":"/home/brualarcao/Development/Jobylon/jobylon-jobs/src/components/Molecules/Header/styles.ts","statementMap":{"0":{"start":{"line":4,"column":25},"end":{"line":34,"column":1}},"1":{"start":{"line":36,"column":27},"end":{"line":40,"column":1}},"2":{"start":{"line":42,"column":20},"end":{"line":60,"column":1}}},"fnMap":{},"branchMap":{},"s":{"0":3,"1":3,"2":3},"f":{},"b":{},"_coverageSchema":"1a1c01bbd47fc00a2c39e90264f33305004495a9","hash":"05e5bd985c70110206dd73cdefc7798dff0e56aa"}
,"/home/brualarcao/Development/Jobylon/jobylon-jobs/src/components/Molecules/InputSearch/index.tsx": {"path":"/home/brualarcao/Development/Jobylon/jobylon-jobs/src/components/Molecules/InputSearch/index.tsx","statementMap":{"0":{"start":{"line":7,"column":48},"end":{"line":37,"column":1}},"1":{"start":{"line":8,"column":21},"end":{"line":8,"column":51}},"2":{"start":{"line":10,"column":26},"end":{"line":15,"column":42}},"3":{"start":{"line":11,"column":8},"end":{"line":14,"column":9}},"4":{"start":{"line":12,"column":10},"end":{"line":12,"column":75}},"5":{"start":{"line":13,"column":10},"end":{"line":13,"column":38}},"6":{"start":{"line":17,"column":6},"end":{"line":36,"column":7}}},"fnMap":{"0":{"name":"(anonymous_0)","decl":{"start":{"line":7,"column":48},"end":{"line":7,"column":49}},"loc":{"start":{"line":7,"column":93},"end":{"line":37,"column":1}},"line":7},"1":{"name":"(anonymous_1)","decl":{"start":{"line":10,"column":38},"end":{"line":10,"column":39}},"loc":{"start":{"line":10,"column":44},"end":{"line":15,"column":7}},"line":10}},"branchMap":{"0":{"loc":{"start":{"line":11,"column":8},"end":{"line":14,"column":9}},"type":"if","locations":[{"start":{"line":11,"column":8},"end":{"line":14,"column":9}},{"start":{},"end":{}}],"line":11},"1":{"loc":{"start":{"line":12,"column":10},"end":{"line":12,"column":74}},"type":"binary-expr","locations":[{"start":{"line":12,"column":10},"end":{"line":12,"column":34}},{"start":{"line":12,"column":38},"end":{"line":12,"column":74}}],"line":12}},"s":{"0":4,"1":13,"2":13,"3":3,"4":3,"5":3,"6":13},"f":{"0":13,"1":3},"b":{"0":[3,0],"1":[3,3]},"_coverageSchema":"1a1c01bbd47fc00a2c39e90264f33305004495a9","hash":"46390b4a7e41767f83315ea27c622faabf2f8ec5"}
,"/home/brualarcao/Development/Jobylon/jobylon-jobs/src/components/Molecules/InputSearch/styles.ts": {"path":"/home/brualarcao/Development/Jobylon/jobylon-jobs/src/components/Molecules/InputSearch/styles.ts","statementMap":{"0":{"start":{"line":4,"column":36},"end":{"line":18,"column":1}},"1":{"start":{"line":20,"column":27},"end":{"line":37,"column":1}}},"fnMap":{},"branchMap":{},"s":{"0":4,"1":4},"f":{},"b":{},"_coverageSchema":"1a1c01bbd47fc00a2c39e90264f33305004495a9","hash":"ddcc1e769e9cef165ee2e7b751161761ea67b4bc"}
,"/home/brualarcao/Development/Jobylon/jobylon-jobs/src/components/Molecules/Menu/index.tsx": {"path":"/home/brualarcao/Development/Jobylon/jobylon-jobs/src/components/Molecules/Menu/index.tsx","statementMap":{"0":{"start":{"line":7,"column":37},"end":{"line":26,"column":1}},"1":{"start":{"line":8,"column":21},"end":{"line":8,"column":34}},"2":{"start":{"line":9,"column":25},"end":{"line":9,"column":47}},"3":{"start":{"line":10,"column":24},"end":{"line":10,"column":41}},"4":{"start":{"line":12,"column":4},"end":{"line":25,"column":5}},"5":{"start":{"line":15,"column":16},"end":{"line":22,"column":26}},"6":{"start":{"line":17,"column":32},"end":{"line":17,"column":52}}},"fnMap":{"0":{"name":"(anonymous_0)","decl":{"start":{"line":7,"column":37},"end":{"line":7,"column":38}},"loc":{"start":{"line":7,"column":60},"end":{"line":26,"column":1}},"line":7},"1":{"name":"(anonymous_1)","decl":{"start":{"line":14,"column":25},"end":{"line":14,"column":26}},"loc":{"start":{"line":15,"column":16},"end":{"line":22,"column":26}},"line":15},"2":{"name":"(anonymous_2)","decl":{"start":{"line":17,"column":26},"end":{"line":17,"column":27}},"loc":{"start":{"line":17,"column":32},"end":{"line":17,"column":52}},"line":17}},"branchMap":{"0":{"loc":{"start":{"line":21,"column":18},"end":{"line":21,"column":32}},"type":"binary-expr","locations":[{"start":{"line":21,"column":18},"end":{"line":21,"column":24}},{"start":{"line":21,"column":28},"end":{"line":21,"column":32}}],"line":21}},"s":{"0":4,"1":5,"2":5,"3":5,"4":5,"5":20,"6":1},"f":{"0":5,"1":20,"2":1},"b":{"0":[20,20]},"_coverageSchema":"1a1c01bbd47fc00a2c39e90264f33305004495a9","hash":"bff39d56a9205d2ab9625538a6808a30be7ece81"}
,"/home/brualarcao/Development/Jobylon/jobylon-jobs/src/components/Molecules/Menu/styles.ts": {"path":"/home/brualarcao/Development/Jobylon/jobylon-jobs/src/components/Molecules/Menu/styles.ts","statementMap":{"0":{"start":{"line":5,"column":21},"end":{"line":17,"column":1}},"1":{"start":{"line":6,"column":20},"end":{"line":16,"column":5}},"2":{"start":{"line":19,"column":29},"end":{"line":22,"column":1}},"3":{"start":{"line":24,"column":26},"end":{"line":77,"column":1}},"4":{"start":{"line":30,"column":22},"end":{"line":30,"column":89}}},"fnMap":{"0":{"name":"(anonymous_0)","decl":{"start":{"line":6,"column":14},"end":{"line":6,"column":15}},"loc":{"start":{"line":6,"column":20},"end":{"line":16,"column":5}},"line":6},"1":{"name":"(anonymous_1)","decl":{"start":{"line":30,"column":13},"end":{"line":30,"column":14}},"loc":{"start":{"line":30,"column":22},"end":{"line":30,"column":89}},"line":30}},"branchMap":{"0":{"loc":{"start":{"line":30,"column":22},"end":{"line":30,"column":89}},"type":"cond-expr","locations":[{"start":{"line":30,"column":39},"end":{"line":30,"column":60}},{"start":{"line":30,"column":63},"end":{"line":30,"column":89}}],"line":30}},"s":{"0":4,"1":0,"2":4,"3":4,"4":20},"f":{"0":0,"1":20},"b":{"0":[1,19]},"_coverageSchema":"1a1c01bbd47fc00a2c39e90264f33305004495a9","hash":"44e582944f4a4b7af04b75dd14813e25e53b2837"}
,"/home/brualarcao/Development/Jobylon/jobylon-jobs/src/components/Organisms/index.tsx": {"path":"/home/brualarcao/Development/Jobylon/jobylon-jobs/src/components/Organisms/index.tsx","statementMap":{},"fnMap":{},"branchMap":{},"s":{},"f":{},"b":{},"_coverageSchema":"1a1c01bbd47fc00a2c39e90264f33305004495a9","hash":"338971f365a31431066038f7752ad24bcfb7fb86"}
,"/home/brualarcao/Development/Jobylon/jobylon-jobs/src/components/Organisms/JobInfo/index.tsx": {"path":"/home/brualarcao/Development/Jobylon/jobylon-jobs/src/components/Organisms/JobInfo/index.tsx","statementMap":{"0":{"start":{"line":7,"column":36},"end":{"line":66,"column":1}},"1":{"start":{"line":8,"column":4},"end":{"line":65,"column":5}},"2":{"start":{"line":57,"column":49},"end":{"line":57,"column":74}},"3":{"start":{"line":60,"column":49},"end":{"line":60,"column":77}}},"fnMap":{"0":{"name":"(anonymous_0)","decl":{"start":{"line":7,"column":36},"end":{"line":7,"column":37}},"loc":{"start":{"line":7,"column":56},"end":{"line":66,"column":1}},"line":7},"1":{"name":"(anonymous_1)","decl":{"start":{"line":57,"column":43},"end":{"line":57,"column":44}},"loc":{"start":{"line":57,"column":49},"end":{"line":57,"column":74}},"line":57},"2":{"name":"(anonymous_2)","decl":{"start":{"line":60,"column":43},"end":{"line":60,"column":44}},"loc":{"start":{"line":60,"column":49},"end":{"line":60,"column":77}},"line":60}},"branchMap":{},"s":{"0":4,"1":2,"2":1,"3":1},"f":{"0":2,"1":1,"2":1},"b":{},"_coverageSchema":"1a1c01bbd47fc00a2c39e90264f33305004495a9","hash":"c7050bf3d4c14113fef0da97d0d99e28fef18d40"}
,"/home/brualarcao/Development/Jobylon/jobylon-jobs/src/components/Organisms/JobInfo/styles.ts": {"path":"/home/brualarcao/Development/Jobylon/jobylon-jobs/src/components/Organisms/JobInfo/styles.ts","statementMap":{"0":{"start":{"line":5,"column":32},"end":{"line":38,"column":1}},"1":{"start":{"line":23,"column":15},"end":{"line":25,"column":5}},"2":{"start":{"line":40,"column":29},"end":{"line":54,"column":1}},"3":{"start":{"line":56,"column":34},"end":{"line":93,"column":1}},"4":{"start":{"line":95,"column":29},"end":{"line":106,"column":1}},"5":{"start":{"line":108,"column":27},"end":{"line":121,"column":1}},"6":{"start":{"line":123,"column":30},"end":{"line":144,"column":1}},"7":{"start":{"line":146,"column":33},"end":{"line":154,"column":1}},"8":{"start":{"line":156,"column":32},"end":{"line":166,"column":1}},"9":{"start":{"line":170,"column":27},"end":{"line":175,"column":1}}},"fnMap":{"0":{"name":"(anonymous_0)","decl":{"start":{"line":23,"column":6},"end":{"line":23,"column":7}},"loc":{"start":{"line":23,"column":15},"end":{"line":25,"column":5}},"line":23}},"branchMap":{"0":{"loc":{"start":{"line":23,"column":15},"end":{"line":25,"column":5}},"type":"binary-expr","locations":[{"start":{"line":23,"column":15},"end":{"line":23,"column":25}},{"start":{"line":23,"column":29},"end":{"line":25,"column":5}}],"line":23}},"s":{"0":4,"1":2,"2":4,"3":4,"4":4,"5":4,"6":4,"7":4,"8":4,"9":4},"f":{"0":2},"b":{"0":[2,0]},"_coverageSchema":"1a1c01bbd47fc00a2c39e90264f33305004495a9","hash":"634039afa0e5fc72c47b766ffcb6e2ae5233aba4"}
,"/home/brualarcao/Development/Jobylon/jobylon-jobs/src/components/Organisms/JobSelection/index.tsx": {"path":"/home/brualarcao/Development/Jobylon/jobylon-jobs/src/components/Organisms/JobSelection/index.tsx","statementMap":{"0":{"start":{"line":10,"column":38},"end":{"line":104,"column":1}},"1":{"start":{"line":11,"column":44},"end":{"line":11,"column":64}},"2":{"start":{"line":12,"column":32},"end":{"line":12,"column":44}},"3":{"start":{"line":13,"column":24},"end":{"line":13,"column":41}},"4":{"start":{"line":15,"column":28},"end":{"line":25,"column":7}},"5":{"start":{"line":17,"column":12},"end":{"line":22,"column":13}},"6":{"start":{"line":18,"column":33},"end":{"line":18,"column":36}},"7":{"start":{"line":19,"column":16},"end":{"line":19,"column":37}},"8":{"start":{"line":21,"column":16},"end":{"line":21,"column":36}},"9":{"start":{"line":27,"column":27},"end":{"line":44,"column":7}},"10":{"start":{"line":29,"column":10},"end":{"line":29,"column":28}},"11":{"start":{"line":30,"column":27},"end":{"line":40,"column":12}},"12":{"start":{"line":31,"column":12},"end":{"line":39,"column":14}},"13":{"start":{"line":35,"column":39},"end":{"line":35,"column":52}},"14":{"start":{"line":41,"column":10},"end":{"line":41,"column":36}},"15":{"start":{"line":46,"column":32},"end":{"line":49,"column":16}},"16":{"start":{"line":47,"column":8},"end":{"line":47,"column":22}},"17":{"start":{"line":48,"column":8},"end":{"line":48,"column":30}},"18":{"start":{"line":51,"column":27},"end":{"line":63,"column":7}},"19":{"start":{"line":53,"column":10},"end":{"line":56,"column":11}},"20":{"start":{"line":54,"column":27},"end":{"line":54,"column":47}},"21":{"start":{"line":55,"column":12},"end":{"line":55,"column":41}},"22":{"start":{"line":57,"column":10},"end":{"line":60,"column":11}},"23":{"start":{"line":58,"column":27},"end":{"line":58,"column":57}},"24":{"start":{"line":59,"column":12},"end":{"line":59,"column":41}},"25":{"start":{"line":65,"column":6},"end":{"line":67,"column":17}},"26":{"start":{"line":66,"column":8},"end":{"line":66,"column":30}},"27":{"start":{"line":69,"column":6},"end":{"line":103,"column":7}},"28":{"start":{"line":83,"column":93},"end":{"line":83,"column":96}},"29":{"start":{"line":84,"column":22},"end":{"line":96,"column":24}},"30":{"start":{"line":92,"column":41},"end":{"line":92,"column":61}}},"fnMap":{"0":{"name":"(anonymous_0)","decl":{"start":{"line":10,"column":38},"end":{"line":10,"column":39}},"loc":{"start":{"line":10,"column":84},"end":{"line":104,"column":1}},"line":10},"1":{"name":"(anonymous_1)","decl":{"start":{"line":16,"column":8},"end":{"line":16,"column":9}},"loc":{"start":{"line":16,"column":23},"end":{"line":23,"column":9}},"line":16},"2":{"name":"(anonymous_2)","decl":{"start":{"line":28,"column":8},"end":{"line":28,"column":9}},"loc":{"start":{"line":28,"column":28},"end":{"line":42,"column":9}},"line":28},"3":{"name":"(anonymous_3)","decl":{"start":{"line":30,"column":40},"end":{"line":30,"column":41}},"loc":{"start":{"line":30,"column":75},"end":{"line":40,"column":11}},"line":30},"4":{"name":"(anonymous_4)","decl":{"start":{"line":35,"column":21},"end":{"line":35,"column":22}},"loc":{"start":{"line":35,"column":39},"end":{"line":35,"column":52}},"line":35},"5":{"name":"(anonymous_5)","decl":{"start":{"line":46,"column":44},"end":{"line":46,"column":45}},"loc":{"start":{"line":46,"column":50},"end":{"line":49,"column":7}},"line":46},"6":{"name":"(anonymous_6)","decl":{"start":{"line":52,"column":8},"end":{"line":52,"column":9}},"loc":{"start":{"line":52,"column":27},"end":{"line":61,"column":9}},"line":52},"7":{"name":"(anonymous_7)","decl":{"start":{"line":65,"column":16},"end":{"line":65,"column":17}},"loc":{"start":{"line":65,"column":22},"end":{"line":67,"column":7}},"line":65},"8":{"name":"(anonymous_8)","decl":{"start":{"line":82,"column":36},"end":{"line":82,"column":37}},"loc":{"start":{"line":82,"column":45},"end":{"line":97,"column":19}},"line":82},"9":{"name":"(anonymous_9)","decl":{"start":{"line":92,"column":35},"end":{"line":92,"column":36}},"loc":{"start":{"line":92,"column":41},"end":{"line":92,"column":61}},"line":92}},"branchMap":{"0":{"loc":{"start":{"line":17,"column":12},"end":{"line":22,"column":13}},"type":"if","locations":[{"start":{"line":17,"column":12},"end":{"line":22,"column":13}},{"start":{"line":20,"column":19},"end":{"line":22,"column":13}}],"line":17},"1":{"loc":{"start":{"line":32,"column":14},"end":{"line":38,"column":47}},"type":"binary-expr","locations":[{"start":{"line":32,"column":14},"end":{"line":32,"column":64}},{"start":{"line":33,"column":14},"end":{"line":33,"column":71}},{"start":{"line":34,"column":14},"end":{"line":38,"column":47}}],"line":32},"2":{"loc":{"start":{"line":53,"column":10},"end":{"line":56,"column":11}},"type":"if","locations":[{"start":{"line":53,"column":10},"end":{"line":56,"column":11}},{"start":{},"end":{}}],"line":53},"3":{"loc":{"start":{"line":57,"column":10},"end":{"line":60,"column":11}},"type":"if","locations":[{"start":{"line":57,"column":10},"end":{"line":60,"column":11}},{"start":{},"end":{}}],"line":57},"4":{"loc":{"start":{"line":80,"column":11},"end":{"line":101,"column":15}},"type":"cond-expr","locations":[{"start":{"line":81,"column":14},"end":{"line":98,"column":38}},{"start":{"line":100,"column":18},"end":{"line":100,"column":71}}],"line":80},"5":{"loc":{"start":{"line":100,"column":18},"end":{"line":100,"column":71}},"type":"binary-expr","locations":[{"start":{"line":100,"column":18},"end":{"line":100,"column":26}},{"start":{"line":100,"column":30},"end":{"line":100,"column":71}}],"line":100}},"s":{"0":3,"1":11,"2":11,"3":11,"4":11,"5":1,"6":0,"7":0,"8":1,"9":11,"10":2,"11":2,"12":2,"13":1,"14":2,"15":11,"16":1,"17":1,"18":11,"19":2,"20":1,"21":1,"22":2,"23":1,"24":1,"25":11,"26":3,"27":11,"28":5,"29":5,"30":1},"f":{"0":11,"1":1,"2":2,"3":2,"4":1,"5":1,"6":2,"7":3,"8":5,"9":1},"b":{"0":[0,1],"1":[2,1,1],"2":[1,1],"3":[1,1],"4":[5,6],"5":[6,6]},"_coverageSchema":"1a1c01bbd47fc00a2c39e90264f33305004495a9","hash":"19650dcaa91232e95054b436b9b63988ca338a5d"}
,"/home/brualarcao/Development/Jobylon/jobylon-jobs/src/components/Organisms/JobSelection/styles.ts": {"path":"/home/brualarcao/Development/Jobylon/jobylon-jobs/src/components/Organisms/JobSelection/styles.ts","statementMap":{"0":{"start":{"line":4,"column":32},"end":{"line":14,"column":1}},"1":{"start":{"line":16,"column":37},"end":{"line":36,"column":1}},"2":{"start":{"line":38,"column":28},"end":{"line":47,"column":1}}},"fnMap":{},"branchMap":{},"s":{"0":3,"1":3,"2":3},"f":{},"b":{},"_coverageSchema":"1a1c01bbd47fc00a2c39e90264f33305004495a9","hash":"5f1f625b9d52974bdf7d960b38087a288112a7ac"}
,"/home/brualarcao/Development/Jobylon/jobylon-jobs/src/config/config.ts": {"path":"/home/brualarcao/Development/Jobylon/jobylon-jobs/src/config/config.ts","statementMap":{"0":{"start":{"line":1,"column":23},"end":{"line":3,"column":3}}},"fnMap":{},"branchMap":{},"s":{"0":5},"f":{},"b":{},"_coverageSchema":"1a1c01bbd47fc00a2c39e90264f33305004495a9","hash":"8e51a808eeb344aa34b67180e5b6f027313f5cd7"}
,"/home/brualarcao/Development/Jobylon/jobylon-jobs/src/contexts/index.tsx": {"path":"/home/brualarcao/Development/Jobylon/jobylon-jobs/src/contexts/index.tsx","statementMap":{},"fnMap":{},"branchMap":{},"s":{},"f":{},"b":{},"_coverageSchema":"1a1c01bbd47fc00a2c39e90264f33305004495a9","hash":"d83ac945376d6d2354ad43236d423ffbf66da402"}
,"/home/brualarcao/Development/Jobylon/jobylon-jobs/src/contexts/JobsContext/index.tsx": {"path":"/home/brualarcao/Development/Jobylon/jobylon-jobs/src/contexts/JobsContext/index.tsx","statementMap":{"0":{"start":{"line":6,"column":27},"end":{"line":6,"column":74}},"1":{"start":{"line":8,"column":37},"end":{"line":47,"column":1}},"2":{"start":{"line":9,"column":26},"end":{"line":9,"column":46}},"3":{"start":{"line":10,"column":40},"end":{"line":10,"column":66}},"4":{"start":{"line":11,"column":32},"end":{"line":11,"column":46}},"5":{"start":{"line":12,"column":28},"end":{"line":12,"column":43}},"6":{"start":{"line":14,"column":18},"end":{"line":27,"column":8}},"7":{"start":{"line":15,"column":6},"end":{"line":15,"column":23}},"8":{"start":{"line":16,"column":6},"end":{"line":26,"column":7}},"9":{"start":{"line":17,"column":54},"end":{"line":17,"column":71}},"10":{"start":{"line":18,"column":10},"end":{"line":18,"column":24}},"11":{"start":{"line":19,"column":10},"end":{"line":19,"column":34}},"12":{"start":{"line":20,"column":10},"end":{"line":20,"column":26}},"13":{"start":{"line":21,"column":10},"end":{"line":21,"column":28}},"14":{"start":{"line":22,"column":10},"end":{"line":22,"column":47}},"15":{"start":{"line":24,"column":10},"end":{"line":24,"column":25}},"16":{"start":{"line":25,"column":10},"end":{"line":25,"column":46}},"17":{"start":{"line":29,"column":2},"end":{"line":31,"column":9}},"18":{"start":{"line":30,"column":6},"end":{"line":30,"column":16}},"19":{"start":{"line":33,"column":2},"end":{"line":46,"column":3}}},"fnMap":{"0":{"name":"(anonymous_0)","decl":{"start":{"line":8,"column":37},"end":{"line":8,"column":38}},"loc":{"start":{"line":8,"column":55},"end":{"line":47,"column":1}},"line":8},"1":{"name":"(anonymous_1)","decl":{"start":{"line":14,"column":30},"end":{"line":14,"column":31}},"loc":{"start":{"line":14,"column":42},"end":{"line":27,"column":3}},"line":14},"2":{"name":"(anonymous_2)","decl":{"start":{"line":29,"column":12},"end":{"line":29,"column":13}},"loc":{"start":{"line":29,"column":18},"end":{"line":31,"column":3}},"line":29}},"branchMap":{},"s":{"0":5,"1":5,"2":10,"3":10,"4":10,"5":10,"6":10,"7":4,"8":4,"9":4,"10":2,"11":2,"12":2,"13":2,"14":2,"15":2,"16":2,"17":10,"18":2,"19":10},"f":{"0":10,"1":4,"2":2},"b":{},"_coverageSchema":"1a1c01bbd47fc00a2c39e90264f33305004495a9","hash":"98c81596b2a845ce736720e8ed082bba9113d1dd"}
,"/home/brualarcao/Development/Jobylon/jobylon-jobs/src/enums/menuOptions.ts": {"path":"/home/brualarcao/Development/Jobylon/jobylon-jobs/src/enums/menuOptions.ts","statementMap":{},"fnMap":{},"branchMap":{},"s":{},"f":{},"b":{},"_coverageSchema":"1a1c01bbd47fc00a2c39e90264f33305004495a9","hash":"73daffe14ac0c26fd243e9ebfcc5a35a6b6755a1"}
,"/home/brualarcao/Development/Jobylon/jobylon-jobs/src/hooks/usejobs.ts": {"path":"/home/brualarcao/Development/Jobylon/jobylon-jobs/src/hooks/usejobs.ts","statementMap":{"0":{"start":{"line":5,"column":20},"end":{"line":5,"column":43}},"1":{"start":{"line":7,"column":4},"end":{"line":9,"column":5}},"2":{"start":{"line":8,"column":8},"end":{"line":8,"column":70}},"3":{"start":{"line":11,"column":4},"end":{"line":11,"column":19}}},"fnMap":{"0":{"name":"useJobs","decl":{"start":{"line":4,"column":16},"end":{"line":4,"column":23}},"loc":{"start":{"line":4,"column":26},"end":{"line":12,"column":1}},"line":4}},"branchMap":{"0":{"loc":{"start":{"line":7,"column":4},"end":{"line":9,"column":5}},"type":"if","locations":[{"start":{"line":7,"column":4},"end":{"line":9,"column":5}},{"start":{},"end":{}}],"line":7}},"s":{"0":13,"1":13,"2":0,"3":13},"f":{"0":13},"b":{"0":[0,13]},"_coverageSchema":"1a1c01bbd47fc00a2c39e90264f33305004495a9","hash":"1c8981a24fb71e1c628cdf01560b35cc5ef883b8"}
,"/home/brualarcao/Development/Jobylon/jobylon-jobs/src/models/orderByOptions.ts": {"path":"/home/brualarcao/Development/Jobylon/jobylon-jobs/src/models/orderByOptions.ts","statementMap":{"0":{"start":{"line":1,"column":30},"end":{"line":12,"column":3}}},"fnMap":{},"branchMap":{},"s":{"0":3},"f":{},"b":{},"_coverageSchema":"1a1c01bbd47fc00a2c39e90264f33305004495a9","hash":"596f5d1bac9e8e3af2166eb3e375c25afc95df15"}
,"/home/brualarcao/Development/Jobylon/jobylon-jobs/src/pages/PageNotFound/index.tsx": {"path":"/home/brualarcao/Development/Jobylon/jobylon-jobs/src/pages/PageNotFound/index.tsx","statementMap":{"0":{"start":{"line":6,"column":31},"end":{"line":12,"column":1}},"1":{"start":{"line":7,"column":4},"end":{"line":11,"column":5}}},"fnMap":{"0":{"name":"(anonymous_0)","decl":{"start":{"line":6,"column":31},"end":{"line":6,"column":32}},"loc":{"start":{"line":6,"column":37},"end":{"line":12,"column":1}},"line":6}},"branchMap":{},"s":{"0":1,"1":1},"f":{"0":1},"b":{},"_coverageSchema":"1a1c01bbd47fc00a2c39e90264f33305004495a9","hash":"dc1bb9bde033c1f492de9dc5f64e2bbedadc3b5f"}
,"/home/brualarcao/Development/Jobylon/jobylon-jobs/src/pages/PageNotFound/styles.ts": {"path":"/home/brualarcao/Development/Jobylon/jobylon-jobs/src/pages/PageNotFound/styles.ts","statementMap":{"0":{"start":{"line":4,"column":37},"end":{"line":13,"column":1}},"1":{"start":{"line":15,"column":29},"end":{"line":20,"column":1}}},"fnMap":{},"branchMap":{},"s":{"0":1,"1":1},"f":{},"b":{},"_coverageSchema":"1a1c01bbd47fc00a2c39e90264f33305004495a9","hash":"b38f63073f6793c4aee0fd670f54da60ace17813"}
,"/home/brualarcao/Development/Jobylon/jobylon-jobs/src/services/api.ts": {"path":"/home/brualarcao/Development/Jobylon/jobylon-jobs/src/services/api.ts","statementMap":{"0":{"start":{"line":4,"column":12},"end":{"line":6,"column":2}}},"fnMap":{},"branchMap":{},"s":{"0":5},"f":{},"b":{},"_coverageSchema":"1a1c01bbd47fc00a2c39e90264f33305004495a9","hash":"f677d71f6f437fa3b64706245ef0d3bc411d57cc"}
,"/home/brualarcao/Development/Jobylon/jobylon-jobs/src/styles/theme.ts": {"path":"/home/brualarcao/Development/Jobylon/jobylon-jobs/src/styles/theme.ts","statementMap":{"0":{"start":{"line":1,"column":22},"end":{"line":9,"column":1}},"1":{"start":{"line":11,"column":25},"end":{"line":22,"column":1}},"2":{"start":{"line":24,"column":27},"end":{"line":30,"column":1}}},"fnMap":{},"branchMap":{},"s":{"0":11,"1":11,"2":11},"f":{},"b":{},"_coverageSchema":"1a1c01bbd47fc00a2c39e90264f33305004495a9","hash":"4721252345f56d032677634ff7c07a21e7e35858"}
,"/home/brualarcao/Development/Jobylon/jobylon-jobs/src/templates/DefaultTemplate.tsx": {"path":"/home/brualarcao/Development/Jobylon/jobylon-jobs/src/templates/DefaultTemplate.tsx","statementMap":{"0":{"start":{"line":5,"column":34},"end":{"line":12,"column":1}},"1":{"start":{"line":6,"column":4},"end":{"line":11,"column":5}}},"fnMap":{"0":{"name":"(anonymous_0)","decl":{"start":{"line":5,"column":34},"end":{"line":5,"column":35}},"loc":{"start":{"line":5,"column":52},"end":{"line":12,"column":1}},"line":5}},"branchMap":{},"s":{"0":1,"1":1},"f":{"0":1},"b":{},"_coverageSchema":"1a1c01bbd47fc00a2c39e90264f33305004495a9","hash":"3a079ca1655cefc54d421fd4f9b41b905ef09dba"}
,"/home/brualarcao/Development/Jobylon/jobylon-jobs/src/templates/styles.ts": {"path":"/home/brualarcao/Development/Jobylon/jobylon-jobs/src/templates/styles.ts","statementMap":{"0":{"start":{"line":3,"column":25},"end":{"line":11,"column":1}}},"fnMap":{},"branchMap":{},"s":{"0":1},"f":{},"b":{},"_coverageSchema":"1a1c01bbd47fc00a2c39e90264f33305004495a9","hash":"48ef48fb6f39fe1a824bb629bd0fe105c180379e"}
,"/home/brualarcao/Development/Jobylon/jobylon-jobs/src/utils/sortBy.ts": {"path":"/home/brualarcao/Development/Jobylon/jobylon-jobs/src/utils/sortBy.ts","statementMap":{"0":{"start":{"line":3,"column":22},"end":{"line":12,"column":1}},"1":{"start":{"line":4,"column":4},"end":{"line":11,"column":6}},"2":{"start":{"line":5,"column":25},"end":{"line":5,"column":68}},"3":{"start":{"line":7,"column":26},"end":{"line":7,"column":56}},"4":{"start":{"line":8,"column":26},"end":{"line":8,"column":56}},"5":{"start":{"line":10,"column":8},"end":{"line":10,"column":37}}},"fnMap":{"0":{"name":"(anonymous_0)","decl":{"start":{"line":3,"column":22},"end":{"line":3,"column":23}},"loc":{"start":{"line":3,"column":41},"end":{"line":12,"column":1}},"line":3},"1":{"name":"(anonymous_1)","decl":{"start":{"line":4,"column":22},"end":{"line":4,"column":23}},"loc":{"start":{"line":4,"column":32},"end":{"line":11,"column":5}},"line":4}},"branchMap":{},"s":{"0":4,"1":3,"2":1,"3":1,"4":1,"5":1},"f":{"0":3,"1":1},"b":{},"_coverageSchema":"1a1c01bbd47fc00a2c39e90264f33305004495a9","hash":"2c749e12da0d68b2e84331a1cfdf51ab43f1cc9f"}
}
