TN:
SF:src/components/index.ts
FNF:0
FNH:0
LF:0
LH:0
BRF:0
BRH:0
end_of_record
TN:
SF:src/components/Atoms/index.ts
FNF:0
FNH:0
LF:0
LH:0
BRF:0
BRH:0
end_of_record
TN:
SF:src/components/Atoms/Avatar/index.tsx
FN:7,(anonymous_0)
FNF:1
FNH:1
FNDA:5,(anonymous_0)
DA:7,7
DA:8,5
LF:2
LH:2
BRDA:7,0,0,2
BRF:1
BRH:1
end_of_record
TN:
SF:src/components/Atoms/Avatar/styles.ts
FN:6,(anonymous_0)
FN:10,(anonymous_1)
FN:14,(anonymous_2)
FN:46,(anonymous_3)
FNF:4
FNH:4
FNDA:1,(anonymous_0)
FNDA:1,(anonymous_1)
FNDA:3,(anonymous_2)
FNDA:5,(anonymous_3)
DA:5,7
DA:6,1
DA:10,1
DA:14,3
DA:20,7
DA:37,7
DA:45,7
DA:46,5
LF:8
LH:8
BRDA:47,0,0,5
BRDA:47,0,1,5
BRF:2
BRH:2
end_of_record
TN:
SF:src/components/Atoms/Button/index.tsx
FN:5,(anonymous_0)
FNF:1
FNH:1
FNDA:16,(anonymous_0)
DA:5,8
DA:6,16
DA:7,16
LF:3
LH:3
BRF:0
BRH:0
end_of_record
TN:
SF:src/components/Atoms/Button/styles.ts
FN:13,(anonymous_0)
FN:14,(anonymous_1)
FNF:2
FNH:2
FNDA:16,(anonymous_0)
FNDA:16,(anonymous_1)
DA:5,8
DA:13,16
DA:14,16
LF:3
LH:3
BRF:0
BRH:0
end_of_record
TN:
SF:src/components/Atoms/Dropdown/index.tsx
FN:6,(anonymous_0)
FN:10,(anonymous_1)
FN:18,(anonymous_2)
FNF:3
FNH:3
FNDA:15,(anonymous_0)
FNDA:3,(anonymous_1)
FNDA:28,(anonymous_2)
DA:6,8
DA:7,15
DA:10,3
DA:19,28
LF:4
LH:4
BRF:0
BRH:0
end_of_record
TN:
SF:src/components/Atoms/Dropdown/styles.ts
FNF:0
FNH:0
DA:4,8
DA:12,8
LF:2
LH:2
BRF:0
BRH:0
end_of_record
TN:
SF:src/components/Atoms/Text/index.tsx
FN:5,(anonymous_0)
FNF:1
FNH:1
FNDA:78,(anonymous_0)
DA:5,8
DA:6,78
LF:2
LH:2
BRF:0
BRH:0
end_of_record
TN:
SF:src/components/Atoms/Text/styles.ts
FN:7,(anonymous_0)
FN:10,(anonymous_1)
FN:13,(anonymous_2)
FN:18,(anonymous_3)
FN:21,(anonymous_4)
FN:24,(anonymous_5)
FN:29,(anonymous_6)
FN:32,(anonymous_7)
FN:35,(anonymous_8)
FN:42,(anonymous_9)
FNF:10
FNH:8
FNDA:42,(anonymous_0)
FNDA:23,(anonymous_1)
FNDA:13,(anonymous_2)
FNDA:0,(anonymous_3)
FNDA:0,(anonymous_4)
FNDA:23,(anonymous_5)
FNDA:30,(anonymous_6)
FNDA:36,(anonymous_7)
FNDA:1,(anonymous_8)
FNDA:78,(anonymous_9)
DA:5,8
DA:7,42
DA:10,23
DA:13,13
DA:18,0
DA:21,0
DA:24,23
DA:29,30
DA:32,36
DA:35,1
DA:41,8
DA:42,78
LF:12
LH:10
BRDA:43,0,0,78
BRDA:43,0,1,78
BRDA:44,1,0,78
BRDA:44,1,1,23
BRDA:45,2,0,78
BRDA:45,2,1,67
BRF:6
BRH:6
end_of_record
TN:
SF:src/components/Molecules/index.ts
FNF:0
FNH:0
LF:0
LH:0
BRF:0
BRH:0
end_of_record
TN:
SF:src/components/Molecules/Card/index.tsx
FN:10,(anonymous_0)
FNF:1
FNH:1
FNDA:6,(anonymous_0)
DA:10,4
DA:11,6
DA:12,6
DA:13,6
DA:14,6
LF:5
LH:5
BRF:0
BRH:0
end_of_record
TN:
SF:src/components/Molecules/Card/styles.ts
FN:29,(anonymous_0)
FNF:1
FNH:1
FNDA:6,(anonymous_0)
DA:5,4
DA:30,6
DA:43,4
DA:56,4
DA:67,4
DA:92,4
LF:6
LH:6
BRDA:30,0,0,6
BRDA:30,0,1,0
BRF:2
BRH:1
end_of_record
TN:
SF:src/components/Molecules/Header/index.tsx
FN:12,(anonymous_0)
FN:17,(anonymous_1)
FNF:2
FNH:2
FNDA:2,(anonymous_0)
FNDA:2,(anonymous_1)
DA:12,3
DA:13,2
DA:14,2
DA:15,2
DA:17,2
DA:18,2
DA:19,0
DA:21,2
DA:25,2
DA:52,2
LF:10
LH:9
BRDA:18,0,0,0
BRDA:18,0,1,2
BRF:2
BRH:1
end_of_record
TN:
SF:src/components/Molecules/Header/styles.ts
FNF:0
FNH:0
DA:4,3
DA:36,3
DA:42,3
LF:3
LH:3
BRF:0
BRH:0
end_of_record
TN:
SF:src/components/Molecules/InputSearch/index.tsx
FN:7,(anonymous_0)
FN:10,(anonymous_1)
FNF:2
FNH:2
FNDA:13,(anonymous_0)
FNDA:3,(anonymous_1)
DA:7,4
DA:8,13
DA:10,13
DA:11,3
DA:12,3
DA:13,3
DA:17,13
LF:7
LH:7
BRDA:11,0,0,3
BRDA:11,0,1,0
BRDA:12,1,0,3
BRDA:12,1,1,3
BRF:4
BRH:3
end_of_record
TN:
SF:src/components/Molecules/InputSearch/styles.ts
FNF:0
FNH:0
DA:4,4
DA:20,4
LF:2
LH:2
BRF:0
BRH:0
end_of_record
TN:
SF:src/components/Molecules/Menu/index.tsx
FN:7,(anonymous_0)
FN:14,(anonymous_1)
FN:17,(anonymous_2)
FNF:3
FNH:3
FNDA:5,(anonymous_0)
FNDA:20,(anonymous_1)
FNDA:1,(anonymous_2)
DA:7,4
DA:8,5
DA:9,5
DA:10,5
DA:12,5
DA:15,20
DA:17,1
LF:7
LH:7
BRDA:21,0,0,20
BRDA:21,0,1,20
BRF:2
BRH:2
end_of_record
TN:
SF:src/components/Molecules/Menu/styles.ts
FN:6,(anonymous_0)
FN:30,(anonymous_1)
FNF:2
FNH:1
FNDA:0,(anonymous_0)
FNDA:20,(anonymous_1)
DA:5,4
DA:6,0
DA:19,4
DA:24,4
DA:30,20
LF:5
LH:4
BRDA:30,0,0,1
BRDA:30,0,1,19
BRF:2
BRH:2
end_of_record
TN:
SF:src/components/Organisms/index.tsx
FNF:0
FNH:0
LF:0
LH:0
BRF:0
BRH:0
end_of_record
TN:
SF:src/components/Organisms/JobInfo/index.tsx
FN:7,(anonymous_0)
FN:57,(anonymous_1)
FN:60,(anonymous_2)
FNF:3
FNH:3
FNDA:2,(anonymous_0)
FNDA:1,(anonymous_1)
FNDA:1,(anonymous_2)
DA:7,4
DA:8,2
DA:57,1
DA:60,1
LF:4
LH:4
BRF:0
BRH:0
end_of_record
TN:
SF:src/components/Organisms/JobInfo/styles.ts
FN:23,(anonymous_0)
FNF:1
FNH:1
FNDA:2,(anonymous_0)
DA:5,4
DA:23,2
DA:40,4
DA:56,4
DA:95,4
DA:108,4
DA:123,4
DA:146,4
DA:156,4
DA:170,4
LF:10
LH:10
BRDA:23,0,0,2
BRDA:23,0,1,0
BRF:2
BRH:1
end_of_record
TN:
SF:src/components/Organisms/JobSelection/index.tsx
FN:10,(anonymous_0)
FN:16,(anonymous_1)
FN:28,(anonymous_2)
FN:30,(anonymous_3)
FN:35,(anonymous_4)
FN:46,(anonymous_5)
FN:52,(anonymous_6)
FN:65,(anonymous_7)
FN:82,(anonymous_8)
FN:92,(anonymous_9)
FNF:10
FNH:10
FNDA:11,(anonymous_0)
FNDA:1,(anonymous_1)
FNDA:2,(anonymous_2)
FNDA:2,(anonymous_3)
FNDA:1,(anonymous_4)
FNDA:1,(anonymous_5)
FNDA:2,(anonymous_6)
FNDA:3,(anonymous_7)
FNDA:5,(anonymous_8)
FNDA:1,(anonymous_9)
DA:10,3
DA:11,11
DA:12,11
DA:13,11
DA:15,11
DA:17,1
DA:18,0
DA:19,0
DA:21,1
DA:27,11
DA:29,2
DA:30,2
DA:31,2
DA:35,1
DA:41,2
DA:46,11
DA:47,1
DA:48,1
DA:51,11
DA:53,2
DA:54,1
DA:55,1
DA:57,2
DA:58,1
DA:59,1
DA:65,11
DA:66,3
DA:69,11
DA:83,5
DA:84,5
DA:92,1
LF:31
LH:29
BRDA:17,0,0,0
BRDA:17,0,1,1
BRDA:32,1,0,2
BRDA:32,1,1,1
BRDA:32,1,2,1
BRDA:53,2,0,1
BRDA:53,2,1,1
BRDA:57,3,0,1
BRDA:57,3,1,1
BRDA:80,4,0,5
BRDA:80,4,1,6
BRDA:100,5,0,6
BRDA:100,5,1,6
BRF:13
BRH:12
end_of_record
TN:
SF:src/components/Organisms/JobSelection/styles.ts
FNF:0
FNH:0
DA:4,3
DA:16,3
DA:38,3
LF:3
LH:3
BRF:0
BRH:0
end_of_record
TN:
SF:src/config/config.ts
FNF:0
FNH:0
DA:1,5
LF:1
LH:1
BRF:0
BRH:0
end_of_record
TN:
SF:src/contexts/index.tsx
FNF:0
FNH:0
LF:0
LH:0
BRF:0
BRH:0
end_of_record
TN:
SF:src/contexts/JobsContext/index.tsx
FN:8,(anonymous_0)
FN:14,(anonymous_1)
FN:29,(anonymous_2)
FNF:3
FNH:3
FNDA:10,(anonymous_0)
FNDA:4,(anonymous_1)
FNDA:2,(anonymous_2)
DA:6,5
DA:8,5
DA:9,10
DA:10,10
DA:11,10
DA:12,10
DA:14,10
DA:15,4
DA:16,4
DA:17,4
DA:18,2
DA:19,2
DA:20,2
DA:21,2
DA:22,2
DA:24,2
DA:25,2
DA:29,10
DA:30,2
DA:33,10
LF:20
LH:20
BRF:0
BRH:0
end_of_record
TN:
SF:src/enums/menuOptions.ts
FNF:0
FNH:0
LF:0
LH:0
BRF:0
BRH:0
end_of_record
TN:
SF:src/hooks/usejobs.ts
FN:4,useJobs
FNF:1
FNH:1
FNDA:13,useJobs
DA:5,13
DA:7,13
DA:8,0
DA:11,13
LF:4
LH:3
BRDA:7,0,0,0
BRDA:7,0,1,13
BRF:2
BRH:1
end_of_record
TN:
SF:src/models/orderByOptions.ts
FNF:0
FNH:0
DA:1,3
LF:1
LH:1
BRF:0
BRH:0
end_of_record
TN:
SF:src/pages/PageNotFound/index.tsx
FN:6,(anonymous_0)
FNF:1
FNH:1
FNDA:1,(anonymous_0)
DA:6,1
DA:7,1
LF:2
LH:2
BRF:0
BRH:0
end_of_record
TN:
SF:src/pages/PageNotFound/styles.ts
FNF:0
FNH:0
DA:4,1
DA:15,1
LF:2
LH:2
BRF:0
BRH:0
end_of_record
TN:
SF:src/services/api.ts
FNF:0
FNH:0
DA:4,5
LF:1
LH:1
BRF:0
BRH:0
end_of_record
TN:
SF:src/styles/theme.ts
FNF:0
FNH:0
DA:1,11
DA:11,11
DA:24,11
LF:3
LH:3
BRF:0
BRH:0
end_of_record
TN:
SF:src/templates/DefaultTemplate.tsx
FN:5,(anonymous_0)
FNF:1
FNH:1
FNDA:1,(anonymous_0)
DA:5,1
DA:6,1
LF:2
LH:2
BRF:0
BRH:0
end_of_record
TN:
SF:src/templates/styles.ts
FNF:0
FNH:0
DA:3,1
LF:1
LH:1
BRF:0
BRH:0
end_of_record
TN:
SF:src/utils/sortBy.ts
FN:3,(anonymous_0)
FN:4,(anonymous_1)
FNF:2
FNH:2
FNDA:3,(anonymous_0)
FNDA:1,(anonymous_1)
DA:3,4
DA:4,3
DA:5,1
DA:7,1
DA:8,1
DA:10,1
LF:6
LH:6
BRF:0
BRH:0
end_of_record
